{"/Users/alienriquebm/Desarrollo/Personales/portfolio/sature/sature.client/src/components/Header.tsx": {"path":"/Users/alienriquebm/Desarrollo/Personales/portfolio/sature/sature.client/src/components/Header.tsx","all":false,"statementMap":{"0":{"start":{"line":1,"column":0},"end":{"line":1,"column":47}},"1":{"start":{"line":2,"column":0},"end":{"line":2,"column":51}},"2":{"start":{"line":3,"column":0},"end":{"line":3,"column":33}},"3":{"start":{"line":4,"column":0},"end":{"line":4,"column":46}},"5":{"start":{"line":6,"column":0},"end":{"line":6,"column":21}},"6":{"start":{"line":7,"column":0},"end":{"line":7,"column":127}},"8":{"start":{"line":9,"column":0},"end":{"line":9,"column":34}},"9":{"start":{"line":10,"column":0},"end":{"line":10,"column":45}},"10":{"start":{"line":11,"column":0},"end":{"line":11,"column":50}},"11":{"start":{"line":12,"column":0},"end":{"line":12,"column":10}},"12":{"start":{"line":13,"column":0},"end":{"line":13,"column":169}},"13":{"start":{"line":14,"column":0},"end":{"line":14,"column":10}},"14":{"start":{"line":15,"column":0},"end":{"line":15,"column":22}},"15":{"start":{"line":16,"column":0},"end":{"line":16,"column":65}},"16":{"start":{"line":17,"column":0},"end":{"line":17,"column":25}},"17":{"start":{"line":18,"column":0},"end":{"line":18,"column":10}},"19":{"start":{"line":20,"column":0},"end":{"line":20,"column":69}},"20":{"start":{"line":21,"column":0},"end":{"line":21,"column":49}},"21":{"start":{"line":22,"column":0},"end":{"line":22,"column":50}},"22":{"start":{"line":23,"column":0},"end":{"line":23,"column":14}},"23":{"start":{"line":24,"column":0},"end":{"line":24,"column":24}},"24":{"start":{"line":25,"column":0},"end":{"line":25,"column":25}},"25":{"start":{"line":26,"column":0},"end":{"line":26,"column":28}},"26":{"start":{"line":27,"column":0},"end":{"line":27,"column":82}},"27":{"start":{"line":28,"column":0},"end":{"line":28,"column":36}},"28":{"start":{"line":29,"column":0},"end":{"line":29,"column":106}},"29":{"start":{"line":30,"column":0},"end":{"line":30,"column":62}},"30":{"start":{"line":31,"column":0},"end":{"line":31,"column":16}},"32":{"start":{"line":33,"column":0},"end":{"line":33,"column":33}},"33":{"start":{"line":34,"column":0},"end":{"line":34,"column":63}},"34":{"start":{"line":35,"column":0},"end":{"line":35,"column":16}},"35":{"start":{"line":36,"column":0},"end":{"line":36,"column":13}},"36":{"start":{"line":37,"column":0},"end":{"line":37,"column":17}},"37":{"start":{"line":38,"column":0},"end":{"line":38,"column":24}},"38":{"start":{"line":39,"column":0},"end":{"line":39,"column":28}},"39":{"start":{"line":40,"column":0},"end":{"line":40,"column":69}},"41":{"start":{"line":42,"column":0},"end":{"line":42,"column":138}},"43":{"start":{"line":44,"column":0},"end":{"line":44,"column":60}},"45":{"start":{"line":46,"column":0},"end":{"line":46,"column":21}},"46":{"start":{"line":47,"column":0},"end":{"line":47,"column":59}},"48":{"start":{"line":49,"column":0},"end":{"line":49,"column":21}},"49":{"start":{"line":50,"column":0},"end":{"line":50,"column":59}},"51":{"start":{"line":52,"column":0},"end":{"line":52,"column":21}},"52":{"start":{"line":53,"column":0},"end":{"line":53,"column":19}},"53":{"start":{"line":54,"column":0},"end":{"line":54,"column":14}},"54":{"start":{"line":55,"column":0},"end":{"line":55,"column":12}},"55":{"start":{"line":56,"column":0},"end":{"line":56,"column":13}},"57":{"start":{"line":58,"column":0},"end":{"line":58,"column":1}}},"s":{"0":1,"1":1,"2":1,"3":1,"5":1,"6":1,"8":4,"9":4,"10":4,"11":4,"12":4,"13":4,"14":4,"15":4,"16":4,"17":4,"19":4,"20":4,"21":4,"22":8,"23":8,"24":8,"25":8,"26":8,"27":8,"28":4,"29":4,"30":8,"32":8,"33":8,"34":8,"35":4,"36":4,"37":4,"38":4,"39":1,"41":4,"43":4,"45":4,"46":4,"48":4,"49":4,"51":4,"52":4,"53":4,"54":4,"55":4,"57":4},"branchMap":{"0":{"type":"branch","line":9,"loc":{"start":{"line":9,"column":0},"end":{"line":58,"column":1}},"locations":[{"start":{"line":9,"column":0},"end":{"line":58,"column":1}}]},"1":{"type":"branch","line":22,"loc":{"start":{"line":22,"column":22},"end":{"line":35,"column":16}},"locations":[{"start":{"line":22,"column":22},"end":{"line":35,"column":16}}]},"2":{"type":"branch","line":28,"loc":{"start":{"line":28,"column":32},"end":{"line":29,"column":106}},"locations":[{"start":{"line":28,"column":32},"end":{"line":29,"column":106}}]},"3":{"type":"branch","line":29,"loc":{"start":{"line":29,"column":20},"end":{"line":30,"column":62}},"locations":[{"start":{"line":29,"column":20},"end":{"line":30,"column":62}}]},"4":{"type":"branch","line":39,"loc":{"start":{"line":39,"column":22},"end":{"line":40,"column":69}},"locations":[{"start":{"line":39,"column":22},"end":{"line":40,"column":69}}]}},"b":{"0":[4],"1":[8],"2":[4],"3":[4],"4":[1]},"fnMap":{"0":{"name":"Header","decl":{"start":{"line":9,"column":0},"end":{"line":58,"column":1}},"loc":{"start":{"line":9,"column":0},"end":{"line":58,"column":1}},"line":9},"1":{"name":"onChange","decl":{"start":{"line":39,"column":22},"end":{"line":40,"column":69}},"loc":{"start":{"line":39,"column":22},"end":{"line":40,"column":69}},"line":39}},"f":{"0":4,"1":1}}
,"/Users/alienriquebm/Desarrollo/Personales/portfolio/sature/sature.client/src/utils/cn.ts": {"path":"/Users/alienriquebm/Desarrollo/Personales/portfolio/sature/sature.client/src/utils/cn.ts","all":false,"statementMap":{"0":{"start":{"line":1,"column":0},"end":{"line":1,"column":45}},"1":{"start":{"line":2,"column":0},"end":{"line":2,"column":41}},"3":{"start":{"line":4,"column":0},"end":{"line":4,"column":45}},"4":{"start":{"line":5,"column":0},"end":{"line":5,"column":34}},"5":{"start":{"line":6,"column":0},"end":{"line":6,"column":1}}},"s":{"0":1,"1":1,"3":1,"4":12,"5":12},"branchMap":{"0":{"type":"branch","line":4,"loc":{"start":{"line":4,"column":7},"end":{"line":6,"column":1}},"locations":[{"start":{"line":4,"column":7},"end":{"line":6,"column":1}}]}},"b":{"0":[12]},"fnMap":{"0":{"name":"cn","decl":{"start":{"line":4,"column":7},"end":{"line":6,"column":1}},"loc":{"start":{"line":4,"column":7},"end":{"line":6,"column":1}},"line":4}},"f":{"0":12}}
,"/Users/alienriquebm/Desarrollo/Personales/portfolio/sature/sature.client/src/utils/tw.ts": {"path":"/Users/alienriquebm/Desarrollo/Personales/portfolio/sature/sature.client/src/utils/tw.ts","all":false,"statementMap":{"0":{"start":{"line":1,"column":0},"end":{"line":1,"column":51}}},"s":{"0":1},"branchMap":{},"b":{},"fnMap":{},"f":{}}
}
